<?xml version="1.0" encoding="UTF-8"?>
<!-- Generated by org.testng.reporters.JUnitReportReporter -->
<testsuite hostname="FVFHXFGAQ6LR" failures="0" tests="3" name="com.wipro.testcases.Address" time="7.418" errors="0" timestamp="2023-03-03T11:34:08 IST" skipped="1">
  <testcase classname="com.wipro.testcases.Address" name="loginTest" time="6.567"/>
  <system-out/>
  <testcase classname="com.wipro.testcases.Address" name="AddressTest" time="0.000">
    <skipped/>
  </testcase> <!-- AddressTest -->
  <system-out/>
  <testcase classname="com.wipro.testcases.Address" name="logoutTest" time="0.851"/>
  <system-out/>
</testsuite> <!-- com.wipro.testcases.Address -->
